<?xml version="1.0" encoding="UTF-8"?>
<!-- Generated by org.testng.reporters.JUnitReportReporter -->
<testsuite hostname="DESKTOP-5VJSLSC" failures="0" tests="1" name="com.itview.testcases.CreditCardEMI_Test" time="9.609" errors="0" timestamp="2023-03-25T10:24:03 IST" skipped="0">
  <testcase classname="com.itview.testcases.CreditCardEMI_Test" name="creditCardEMI" time="9.609"/>
  <system-out/>
</testsuite> <!-- com.itview.testcases.CreditCardEMI_Test -->
