<?xml version="1.0" encoding="UTF-8"?>
<!-- Generated by org.testng.reporters.JUnitReportReporter -->
<testsuite hostname="DESKTOP-5VJSLSC" failures="0" tests="1" name="com.itview.testng.LoginOpenMRS" time="8.096" errors="0" timestamp="2023-02-26T09:42:05 IST" skipped="0">
  <testcase classname="com.itview.testng.LoginOpenMRS" name="loginOpenMRS" time="8.096"/>
  <system-out/>
</testsuite> <!-- com.itview.testng.LoginOpenMRS -->
