<?xml version="1.0" encoding="UTF-8"?>
<!-- Generated by org.testng.reporters.JUnitReportReporter -->
<testsuite hostname="DESKTOP-5VJSLSC" failures="0" tests="1" name="com.itview.testcases.CarHomeEMI_Test" time="11.020" errors="0" timestamp="2023-03-25T10:24:03 IST" skipped="0">
  <testcase classname="com.itview.testcases.CarHomeEMI_Test" name="oneLakhLoanAmount" time="11.020"/>
  <system-out/>
</testsuite> <!-- com.itview.testcases.CarHomeEMI_Test -->
