<?xml version="1.0" encoding="UTF-8"?>
<!-- Generated by org.testng.reporters.JUnitReportReporter -->
<testsuite hostname="DESKTOP-5VJSLSC" failures="0" tests="2" name="com.itview.testng.CrossBrowserCode" time="21.470" errors="0" timestamp="2023-02-26T17:55:09 IST" skipped="0">
  <testcase classname="com.itview.testng.CrossBrowserCode" name="chromeBrowser" time="9.029"/>
  <system-out/>
  <testcase classname="com.itview.testng.CrossBrowserCode" name="edgeBrowser" time="12.441"/>
  <system-out/>
</testsuite> <!-- com.itview.testng.CrossBrowserCode -->
