<?xml version="1.0" encoding="UTF-8"?>
<!-- Generated by org.testng.reporters.JUnitReportReporter -->
<testsuite hostname="DESKTOP-5VJSLSC" failures="0" tests="1" name="com.itview.assignments.Assignment1_TS2_Workaround" time="11.981" errors="0" timestamp="2023-03-18T10:05:17 IST" skipped="0">
  <testcase classname="com.itview.assignments.Assignment1_TS2_Workaround" name="verifyHomePage" time="11.981"/>
  <system-out/>
</testsuite> <!-- com.itview.assignments.Assignment1_TS2_Workaround -->
