<?xml version="1.0" encoding="UTF-8"?>
<!-- Generated by org.testng.reporters.JUnitReportReporter -->
<testsuite hostname="DESKTOP-5VJSLSC" failures="0" tests="1" name="com.itview.assignments.UITest" time="1.525" errors="0" timestamp="2024-01-11T18:38:27 IST" skipped="0">
  <testcase classname="com.itview.assignments.UITest" name="verifyHomePage" time="1.525"/>
  <system-out/>
</testsuite> <!-- com.itview.assignments.UITest -->
