<?xml version="1.0" encoding="UTF-8"?>
<!-- Generated by org.testng.reporters.JUnitReportReporter -->
<testsuite hostname="DESKTOP-5VJSLSC" failures="0" tests="2" name="com.itview.testng.SoftAssertCode" time="6.102" errors="0" timestamp="2023-02-26T17:32:14 IST" skipped="0">
  <testcase classname="com.itview.testng.SoftAssertCode" name="loginTest" time="2.940"/>
  <system-out/>
  <testcase classname="com.itview.testng.SoftAssertCode" name="logoutTest" time="3.162"/>
  <system-out/>
</testsuite> <!-- com.itview.testng.SoftAssertCode -->
