<?xml version="1.0" encoding="UTF-8"?>
<!-- Generated by org.testng.reporters.JUnitReportReporter -->
<testsuite hostname="DESKTOP-5VJSLSC" failures="0" tests="3" name="com.itview.testng.LoginMutualFund" time="15.652" errors="0" timestamp="2023-02-26T09:42:05 IST" skipped="0">
  <testcase classname="com.itview.testng.LoginMutualFund" name="loginAdmin" time="6.111"/>
  <system-out/>
  <testcase classname="com.itview.testng.LoginMutualFund" name="loginTUser" time="4.776"/>
  <system-out/>
  <testcase classname="com.itview.testng.LoginMutualFund" name="loginJSmith" time="4.765"/>
  <system-out/>
</testsuite> <!-- com.itview.testng.LoginMutualFund -->
