<?xml version="1.0" encoding="UTF-8"?>
<!-- Generated by org.testng.reporters.JUnitReportReporter -->
<testsuite hostname="DESKTOP-5VJSLSC" failures="0" tests="1" name="com.itview.webobject.Code_For_MouseHandle_7" time="7.106" errors="0" timestamp="2023-03-19T10:59:28 IST" skipped="0">
  <testcase classname="com.itview.webobject.Code_For_MouseHandle_7" name="Code_For_MouseHandle_Test" time="7.106"/>
  <system-out/>
</testsuite> <!-- com.itview.webobject.Code_For_MouseHandle_7 -->
