<?xml version="1.0" encoding="UTF-8"?>
<!-- Generated by org.testng.reporters.JUnitReportReporter -->
<testsuite hostname="DESKTOP-5VJSLSC" failures="0" tests="1" name="com.itview.webobject.Code_For_Window_Size_5" time="5.898" errors="0" timestamp="2023-03-08T12:37:54 IST" skipped="0">
  <testcase classname="com.itview.webobject.Code_For_Window_Size_5" name="codeWindowSize" time="5.898"/>
  <system-out/>
</testsuite> <!-- com.itview.webobject.Code_For_Window_Size_5 -->
