<?xml version="1.0" encoding="UTF-8"?>
<!-- Generated by org.testng.reporters.JUnitReportReporter -->
<testsuite hostname="DESKTOP-5VJSLSC" failures="0" tests="1" name="com.itview.assignments.Assignment2" time="5.067" errors="0" timestamp="2023-03-17T13:10:37 IST" skipped="0">
  <testcase classname="com.itview.assignments.Assignment2" name="verifyBlazeDemo" time="5.067"/>
  <system-out/>
</testsuite> <!-- com.itview.assignments.Assignment2 -->
