<?xml version="1.0" encoding="UTF-8"?>
<!-- Generated by org.testng.reporters.JUnitReportReporter -->
<testsuite hostname="DESKTOP-5VJSLSC" failures="0" tests="2" name="com.itview.assignments.Assignment1" time="3.127" errors="0" timestamp="2023-03-08T17:44:07 IST" skipped="0">
  <testcase classname="com.itview.assignments.Assignment1" name="verifyHomePage" time="1.689"/>
  <system-out/>
  <testcase classname="com.itview.assignments.Assignment1" name="verifyClaimPage" time="1.438"/>
  <system-out/>
</testsuite> <!-- com.itview.assignments.Assignment1 -->
