<?xml version="1.0" encoding="UTF-8"?>
<!-- Generated by org.testng.reporters.JUnitReportReporter -->
<testsuite hostname="DESKTOP-5VJSLSC" failures="0" tests="1" name="com.itview.webobject.Code_For_Navigate_To_4" time="19.616" errors="0" timestamp="2023-03-08T12:26:41 IST" skipped="0">
  <testcase classname="com.itview.webobject.Code_For_Navigate_To_4" name="codeForNavigateTo" time="19.616"/>
  <system-out/>
</testsuite> <!-- com.itview.webobject.Code_For_Navigate_To_4 -->
