<?xml version="1.0" encoding="UTF-8"?>
<!-- Generated by org.testng.reporters.JUnitReportReporter -->
<testsuite hostname="DESKTOP-5VJSLSC" failures="0" tests="1" name="com.itview.webobject.Code_For_WindowTab_8" time="6.741" errors="0" timestamp="2023-03-18T13:16:21 IST" skipped="0">
  <testcase classname="com.itview.webobject.Code_For_WindowTab_8" name="tabFlipkart" time="6.741"/>
  <system-out/>
</testsuite> <!-- com.itview.webobject.Code_For_WindowTab_8 -->
