<?xml version="1.0" encoding="UTF-8"?>
<!-- Generated by org.testng.reporters.JUnitReportReporter -->
<testsuite hostname="DESKTOP-5VJSLSC" failures="0" tests="1" name="com.itview.webobject.Code_For_iFrame_3" time="6.925" errors="0" timestamp="2023-03-08T12:05:33 IST" skipped="0">
  <testcase classname="com.itview.webobject.Code_For_iFrame_3" name="code_For_iFrame_Test" time="6.925"/>
  <system-out/>
</testsuite> <!-- com.itview.webobject.Code_For_iFrame_3 -->
