<?xml version="1.0" encoding="UTF-8"?>
<!-- Generated by org.testng.reporters.JUnitReportReporter -->
<testsuite hostname="DESKTOP-5VJSLSC" failures="0" tests="1" name="com.itview.webobject.Code_For_Keyboard_Handle_6" time="12.937" errors="0" timestamp="2023-03-08T12:48:20 IST" skipped="0">
  <testcase classname="com.itview.webobject.Code_For_Keyboard_Handle_6" name="codeKeyboardHandle" time="12.937"/>
  <system-out/>
</testsuite> <!-- com.itview.webobject.Code_For_Keyboard_Handle_6 -->
