<?xml version="1.0" encoding="UTF-8"?>
<!-- Generated by org.testng.reporters.JUnitReportReporter -->
<testsuite hostname="DESKTOP-5VJSLSC" failures="0" tests="2" name="com.itview.testng.CrossBrowserCode_P1" time="13.075" errors="0" timestamp="2023-02-27T16:53:59 IST" skipped="0">
  <testcase classname="com.itview.testng.CrossBrowserCode_P1" name="chromeBrowser" time="6.487"/>
  <system-out/>
  <testcase classname="com.itview.testng.CrossBrowserCode_P1" name="edgeBrowser" time="6.588"/>
  <system-out/>
</testsuite> <!-- com.itview.testng.CrossBrowserCode_P1 -->
