<?xml version="1.0" encoding="UTF-8"?>
<!-- Generated by org.testng.reporters.JUnitReportReporter -->
<testsuite hostname="DESKTOP-5VJSLSC" failures="0" tests="2" name="com.itview.testng.SoftAssertCode_P1" time="5.368" errors="0" timestamp="2023-03-08T17:17:44 IST" skipped="0">
  <testcase classname="com.itview.testng.SoftAssertCode_P1" name="testLogin" time="2.343"/>
  <system-out/>
  <testcase classname="com.itview.testng.SoftAssertCode_P1" name="testLogout" time="3.025"/>
  <system-out/>
</testsuite> <!-- com.itview.testng.SoftAssertCode_P1 -->
