<?xml version="1.0" encoding="UTF-8"?>
<!-- Generated by org.testng.reporters.JUnitReportReporter -->
<testsuite hostname="DESKTOP-5VJSLSC" failures="0" tests="1" name="com.itview.testng.HardAssertCode_P" time="2.283" errors="0" timestamp="2023-02-27T17:31:24 IST" skipped="0">
  <testcase classname="com.itview.testng.HardAssertCode_P" name="loginTest" time="2.283"/>
  <system-out/>
</testsuite> <!-- com.itview.testng.HardAssertCode_P -->
