<?xml version="1.0" encoding="UTF-8"?>
<!-- Generated by org.testng.reporters.JUnitReportReporter -->
<testsuite hostname="DESKTOP-5VJSLSC" failures="0" tests="2" name="com.itview.assignments.Assignment1_TS3" time="7.815" errors="0" timestamp="2023-03-17T11:32:49 IST" skipped="0">
  <testcase classname="com.itview.assignments.Assignment1_TS3" name="loginPage" time="6.252"/>
  <system-out/>
  <testcase classname="com.itview.assignments.Assignment1_TS3" name="homePage" time="1.563"/>
  <system-out/>
</testsuite> <!-- com.itview.assignments.Assignment1_TS3 -->
