<?xml version="1.0" encoding="UTF-8"?>
<!-- Generated by org.testng.reporters.JUnitReportReporter -->
<testsuite hostname="DESKTOP-5VJSLSC" failures="0" tests="2" name="com.itview.testng.SoftAssertCode_P2" time="5.071" errors="0" timestamp="2023-03-03T11:32:16 IST" skipped="0">
  <testcase classname="com.itview.testng.SoftAssertCode_P2" name="testLogin" time="2.109"/>
  <system-out/>
  <testcase classname="com.itview.testng.SoftAssertCode_P2" name="testLogout" time="2.962"/>
  <system-out/>
</testsuite> <!-- com.itview.testng.SoftAssertCode_P2 -->
