<?xml version="1.0" encoding="UTF-8"?>
<!-- Generated by org.testng.reporters.JUnitReportReporter -->
<testsuite hostname="DESKTOP-5VJSLSC" failures="0" tests="1" name="com.itview.testng.HardAssertCode" time="2.301" errors="0" timestamp="2023-02-26T13:03:40 IST" skipped="0">
  <testcase classname="com.itview.testng.HardAssertCode" name="loginTest" time="2.301"/>
  <system-out/>
</testsuite> <!-- com.itview.testng.HardAssertCode -->
