<?xml version="1.0" encoding="UTF-8"?>
<!-- Generated by org.testng.reporters.JUnitReportReporter -->
<testsuite hostname="DESKTOP-5VJSLSC" failures="0" tests="1" name="com.itview.webobject.Code_For_Alert_2" time="11.026" errors="0" timestamp="2023-03-08T11:52:27 IST" skipped="0">
  <testcase classname="com.itview.webobject.Code_For_Alert_2" name="code_For_Alert_Test" time="11.026"/>
  <system-out/>
</testsuite> <!-- com.itview.webobject.Code_For_Alert_2 -->
