<?xml version="1.0" encoding="UTF-8"?>
<!-- Generated by org.testng.reporters.JUnitReportReporter -->
<testsuite hostname="DESKTOP-5VJSLSC" failures="0" tests="1" name="com.itview.webobject.Code_For_Screenshot_10" time="3.912" errors="0" timestamp="2023-04-03T12:41:53 IST" skipped="0">
  <testcase classname="com.itview.webobject.Code_For_Screenshot_10" name="codeForScreenshot" time="3.912"/>
  <system-out/>
</testsuite> <!-- com.itview.webobject.Code_For_Screenshot_10 -->
