<?xml version="1.0" encoding="UTF-8"?>
<!-- Generated by org.testng.reporters.JUnitReportReporter -->
<testsuite hostname="DESKTOP-5VJSLSC" failures="0" tests="3" name="com.itview.testcases.DataDriven_FD_DataProvider" time="14.647" errors="0" timestamp="2023-03-26T07:15:42 IST" skipped="0">
  <testcase classname="com.itview.testcases.DataDriven_FD_DataProvider" name="f" time="4.695"/>
  <system-out/>
  <testcase classname="com.itview.testcases.DataDriven_FD_DataProvider" name="f" time="4.585"/>
  <system-out/>
  <testcase classname="com.itview.testcases.DataDriven_FD_DataProvider" name="f" time="5.367"/>
  <system-out/>
</testsuite> <!-- com.itview.testcases.DataDriven_FD_DataProvider -->
